<?xml version="1.0" encoding="UTF-8"?>
<!-- Generated by org.testng.reporters.JUnitReportReporter -->
<testsuite skipped="0" hostname="vmt10285" name="com.valuemomentum.retail.Assessment1.Medplus" tests="1" failures="0" timestamp="2021-03-17T20:56:24 IST" time="19.524" errors="0">
  <testcase name="verify" time="19.524" classname="com.valuemomentum.retail.Assessment1.Medplus"/>
  <system-out/>
</testsuite> <!-- com.valuemomentum.retail.Assessment1.Medplus -->
