<?xml version="1.0" encoding="UTF-8"?>
<!-- Generated by org.testng.reporters.JUnitReportReporter -->
<testsuite skipped="0" hostname="vmt10285" name="com.valuemomentum.retail.Assessment1.Framework1" tests="2" failures="0" timestamp="2021-03-18T11:27:49 IST" time="41.189" errors="0">
  <testcase name="verify" time="21.127" classname="com.valuemomentum.retail.Assessment1.Framework1"/>
  <system-out/>
  <testcase name="verifyTask" time="20.062" classname="com.valuemomentum.retail.Assessment1.Framework1"/>
  <system-out/>
</testsuite> <!-- com.valuemomentum.retail.Assessment1.Framework1 -->
