<?xml version="1.0" encoding="UTF-8"?>
<!-- Generated by org.testng.reporters.JUnitReportReporter -->
<testsuite skipped="0" hostname="vmt10285" name="com.valuemomentum.retail.Assessment1.tests.SmokeTest1" tests="2" failures="0" timestamp="2021-03-23T07:00:25 IST" time="9.985" errors="0">
  <testcase name="DataUtilityMethod" time="5.540" classname="com.valuemomentum.retail.Assessment1.tests.SmokeTest1"/>
  <system-out/>
  <testcase name="DataUtilityMethod" time="4.445" classname="com.valuemomentum.retail.Assessment1.tests.SmokeTest1"/>
  <system-out/>
</testsuite> <!-- com.valuemomentum.retail.Assessment1.tests.SmokeTest1 -->
