<?xml version="1.0" encoding="UTF-8"?>
<!-- Generated by org.testng.reporters.JUnitReportReporter -->
<testsuite skipped="0" hostname="vmt10285" name="com.valuemomentum.retail.Assessment1.tests.Medplus" tests="1" failures="0" timestamp="2021-03-19T07:56:01 IST" time="17.611" errors="0">
  <testcase name="verify" time="17.611" classname="com.valuemomentum.retail.Assessment1.tests.Medplus"/>
  <system-out/>
</testsuite> <!-- com.valuemomentum.retail.Assessment1.tests.Medplus -->
