<?xml version="1.0" encoding="UTF-8"?>
<!-- Generated by org.testng.reporters.JUnitReportReporter -->
<testsuite skipped="0" hostname="vmt10285" name="com.valuemomentum.retail.Assessment1.Task01" tests="1" failures="0" timestamp="2021-03-18T07:35:17 IST" time="21.634" errors="0">
  <testcase name="verifyTask" time="21.634" classname="com.valuemomentum.retail.Assessment1.Task01"/>
  <system-out/>
</testsuite> <!-- com.valuemomentum.retail.Assessment1.Task01 -->
