<?xml version="1.0" encoding="UTF-8"?>
<!-- Generated by org.testng.reporters.JUnitReportReporter -->
<testsuite skipped="0" hostname="vmt10285" name="com.valuemomentum.retail.Assessment1.tests.Framework1" tests="2" failures="0" timestamp="2021-03-19T09:06:56 IST" time="38.973" errors="0">
  <testcase name="verify" time="19.845" classname="com.valuemomentum.retail.Assessment1.tests.Framework1"/>
  <system-out/>
  <testcase name="verifyTask" time="19.128" classname="com.valuemomentum.retail.Assessment1.tests.Framework1"/>
  <system-out/>
</testsuite> <!-- com.valuemomentum.retail.Assessment1.tests.Framework1 -->
