<?xml version="1.0" encoding="UTF-8"?>
<!-- Generated by org.testng.reporters.JUnitReportReporter -->
<testsuite skipped="0" hostname="vmt10285" name="com.valuemomentum.retail.Assessment1.tests.SmokeTest" tests="1" failures="0" timestamp="2021-03-23T14:48:37 IST" time="138.162" errors="0">
  <testcase name="verifyMobile" time="138.162" classname="com.valuemomentum.retail.Assessment1.tests.SmokeTest"/>
  <system-out/>
</testsuite> <!-- com.valuemomentum.retail.Assessment1.tests.SmokeTest -->
